Determining if the pthread_create exist failed with the following output:
Change Dir: /home/lhn/lhn_ws/build/CMakeFiles/CMakeTmp

Run Build Command:"/usr/bin/make" "cmTC_c53dd/fast"
/usr/bin/make -f CMakeFiles/cmTC_c53dd.dir/build.make CMakeFiles/cmTC_c53dd.dir/build
make[1]: Entering directory '/home/lhn/lhn_ws/build/CMakeFiles/CMakeTmp'
Building C object CMakeFiles/cmTC_c53dd.dir/CheckSymbolExists.c.o
/usr/bin/cc     -o CMakeFiles/cmTC_c53dd.dir/CheckSymbolExists.c.o   -c /home/lhn/lhn_ws/build/CMakeFiles/CMakeTmp/CheckSymbolExists.c
Linking C executable cmTC_c53dd
/usr/bin/cmake -E cmake_link_script CMakeFiles/cmTC_c53dd.dir/link.txt --verbose=1
/usr/bin/cc       CMakeFiles/cmTC_c53dd.dir/CheckSymbolExists.c.o  -o cmTC_c53dd -rdynamic 
CMakeFiles/cmTC_c53dd.dir/CheckSymbolExists.c.o：在函数‘main’中：
CheckSymbolExists.c:(.text+0x16)：对‘pthread_create’未定义的引用
collect2: error: ld returned 1 exit status
CMakeFiles/cmTC_c53dd.dir/build.make:97: recipe for target 'cmTC_c53dd' failed
make[1]: *** [cmTC_c53dd] Error 1
make[1]: Leaving directory '/home/lhn/lhn_ws/build/CMakeFiles/CMakeTmp'
Makefile:126: recipe for target 'cmTC_c53dd/fast' failed
make: *** [cmTC_c53dd/fast] Error 2

File /home/lhn/lhn_ws/build/CMakeFiles/CMakeTmp/CheckSymbolExists.c:
/* */
#include <pthread.h>

int main(int argc, char** argv)
{
  (void)argv;
#ifndef pthread_create
  return ((int*)(&pthread_create))[argc];
#else
  (void)argc;
  return 0;
#endif
}

Determining if the function pthread_create exists in the pthreads failed with the following output:
Change Dir: /home/lhn/lhn_ws/build/CMakeFiles/CMakeTmp

Run Build Command:"/usr/bin/make" "cmTC_bb4f4/fast"
/usr/bin/make -f CMakeFiles/cmTC_bb4f4.dir/build.make CMakeFiles/cmTC_bb4f4.dir/build
make[1]: Entering directory '/home/lhn/lhn_ws/build/CMakeFiles/CMakeTmp'
Building C object CMakeFiles/cmTC_bb4f4.dir/CheckFunctionExists.c.o
/usr/bin/cc    -DCHECK_FUNCTION_EXISTS=pthread_create   -o CMakeFiles/cmTC_bb4f4.dir/CheckFunctionExists.c.o   -c /usr/share/cmake-3.5/Modules/CheckFunctionExists.c
Linking C executable cmTC_bb4f4
/usr/bin/cmake -E cmake_link_script CMakeFiles/cmTC_bb4f4.dir/link.txt --verbose=1
/usr/bin/cc   -DCHECK_FUNCTION_EXISTS=pthread_create    CMakeFiles/cmTC_bb4f4.dir/CheckFunctionExists.c.o  -o cmTC_bb4f4 -rdynamic -lpthreads 
/usr/bin/ld: 找不到 -lpthreads
collect2: error: ld returned 1 exit status
CMakeFiles/cmTC_bb4f4.dir/build.make:97: recipe for target 'cmTC_bb4f4' failed
make[1]: *** [cmTC_bb4f4] Error 1
make[1]: Leaving directory '/home/lhn/lhn_ws/build/CMakeFiles/CMakeTmp'
Makefile:126: recipe for target 'cmTC_bb4f4/fast' failed
make: *** [cmTC_bb4f4/fast] Error 2


Determining if the Q_WS_WIN exist failed with the following output:
Change Dir: /home/lhn/lhn_ws/build/CMakeFiles/CMakeTmp

Run Build Command:"/usr/bin/make" "cmTC_3d872/fast"
/usr/bin/make -f CMakeFiles/cmTC_3d872.dir/build.make CMakeFiles/cmTC_3d872.dir/build
make[1]: Entering directory '/home/lhn/lhn_ws/build/CMakeFiles/CMakeTmp'
Building CXX object CMakeFiles/cmTC_3d872.dir/CheckSymbolExists.cxx.o
/usr/bin/c++    -I/usr/include/qt4   -o CMakeFiles/cmTC_3d872.dir/CheckSymbolExists.cxx.o -c /home/lhn/lhn_ws/build/CMakeFiles/CMakeTmp/CheckSymbolExists.cxx
/home/lhn/lhn_ws/build/CMakeFiles/CMakeTmp/CheckSymbolExists.cxx: In function ‘int main(int, char**)’:
/home/lhn/lhn_ws/build/CMakeFiles/CMakeTmp/CheckSymbolExists.cxx:8:19: error: ‘Q_WS_WIN’ was not declared in this scope
   return ((int*)(&Q_WS_WIN))[argc];
                   ^
CMakeFiles/cmTC_3d872.dir/build.make:65: recipe for target 'CMakeFiles/cmTC_3d872.dir/CheckSymbolExists.cxx.o' failed
make[1]: *** [CMakeFiles/cmTC_3d872.dir/CheckSymbolExists.cxx.o] Error 1
make[1]: Leaving directory '/home/lhn/lhn_ws/build/CMakeFiles/CMakeTmp'
Makefile:126: recipe for target 'cmTC_3d872/fast' failed
make: *** [cmTC_3d872/fast] Error 2

File /home/lhn/lhn_ws/build/CMakeFiles/CMakeTmp/CheckSymbolExists.cxx:
/* */
#include <QtCore/qglobal.h>

int main(int argc, char** argv)
{
  (void)argv;
#ifndef Q_WS_WIN
  return ((int*)(&Q_WS_WIN))[argc];
#else
  (void)argc;
  return 0;
#endif
}

Determining if the Q_WS_QWS exist failed with the following output:
Change Dir: /home/lhn/lhn_ws/build/CMakeFiles/CMakeTmp

Run Build Command:"/usr/bin/make" "cmTC_84ce9/fast"
/usr/bin/make -f CMakeFiles/cmTC_84ce9.dir/build.make CMakeFiles/cmTC_84ce9.dir/build
make[1]: Entering directory '/home/lhn/lhn_ws/build/CMakeFiles/CMakeTmp'
Building CXX object CMakeFiles/cmTC_84ce9.dir/CheckSymbolExists.cxx.o
/usr/bin/c++    -I/usr/include/qt4   -o CMakeFiles/cmTC_84ce9.dir/CheckSymbolExists.cxx.o -c /home/lhn/lhn_ws/build/CMakeFiles/CMakeTmp/CheckSymbolExists.cxx
/home/lhn/lhn_ws/build/CMakeFiles/CMakeTmp/CheckSymbolExists.cxx: In function ‘int main(int, char**)’:
/home/lhn/lhn_ws/build/CMakeFiles/CMakeTmp/CheckSymbolExists.cxx:8:19: error: ‘Q_WS_QWS’ was not declared in this scope
   return ((int*)(&Q_WS_QWS))[argc];
                   ^
CMakeFiles/cmTC_84ce9.dir/build.make:65: recipe for target 'CMakeFiles/cmTC_84ce9.dir/CheckSymbolExists.cxx.o' failed
make[1]: *** [CMakeFiles/cmTC_84ce9.dir/CheckSymbolExists.cxx.o] Error 1
make[1]: Leaving directory '/home/lhn/lhn_ws/build/CMakeFiles/CMakeTmp'
Makefile:126: recipe for target 'cmTC_84ce9/fast' failed
make: *** [cmTC_84ce9/fast] Error 2

File /home/lhn/lhn_ws/build/CMakeFiles/CMakeTmp/CheckSymbolExists.cxx:
/* */
#include <QtCore/qglobal.h>

int main(int argc, char** argv)
{
  (void)argv;
#ifndef Q_WS_QWS
  return ((int*)(&Q_WS_QWS))[argc];
#else
  (void)argc;
  return 0;
#endif
}

Determining if the Q_WS_MAC exist failed with the following output:
Change Dir: /home/lhn/lhn_ws/build/CMakeFiles/CMakeTmp

Run Build Command:"/usr/bin/make" "cmTC_88fb1/fast"
/usr/bin/make -f CMakeFiles/cmTC_88fb1.dir/build.make CMakeFiles/cmTC_88fb1.dir/build
make[1]: Entering directory '/home/lhn/lhn_ws/build/CMakeFiles/CMakeTmp'
Building CXX object CMakeFiles/cmTC_88fb1.dir/CheckSymbolExists.cxx.o
/usr/bin/c++    -I/usr/include/qt4   -o CMakeFiles/cmTC_88fb1.dir/CheckSymbolExists.cxx.o -c /home/lhn/lhn_ws/build/CMakeFiles/CMakeTmp/CheckSymbolExists.cxx
/home/lhn/lhn_ws/build/CMakeFiles/CMakeTmp/CheckSymbolExists.cxx: In function ‘int main(int, char**)’:
/home/lhn/lhn_ws/build/CMakeFiles/CMakeTmp/CheckSymbolExists.cxx:8:19: error: ‘Q_WS_MAC’ was not declared in this scope
   return ((int*)(&Q_WS_MAC))[argc];
                   ^
CMakeFiles/cmTC_88fb1.dir/build.make:65: recipe for target 'CMakeFiles/cmTC_88fb1.dir/CheckSymbolExists.cxx.o' failed
make[1]: *** [CMakeFiles/cmTC_88fb1.dir/CheckSymbolExists.cxx.o] Error 1
make[1]: Leaving directory '/home/lhn/lhn_ws/build/CMakeFiles/CMakeTmp'
Makefile:126: recipe for target 'cmTC_88fb1/fast' failed
make: *** [cmTC_88fb1/fast] Error 2

File /home/lhn/lhn_ws/build/CMakeFiles/CMakeTmp/CheckSymbolExists.cxx:
/* */
#include <QtCore/qglobal.h>

int main(int argc, char** argv)
{
  (void)argv;
#ifndef Q_WS_MAC
  return ((int*)(&Q_WS_MAC))[argc];
#else
  (void)argc;
  return 0;
#endif
}

